This is TeX, Version 3.14159 (Web2C 7.3.1) (format=latex 2001.9.7)  31 DEC 2001 00:45
**brainstorm.tex
(brainstorm.tex
LaTeX2e <2000/06/01>
Babel <v3.7h> and hyphenation patterns for american, french, german, ngerman, i
talian, nohyphenation, loaded.

(/usr/share/texmf/tex/latex/base/article.cls
Document Class: article 2000/05/19 v1.4b Standard LaTeX document class
(/usr/share/texmf/tex/latex/base/size10.clo
File: size10.clo 2000/05/19 v1.4b Standard LaTeX file (size option)
)
\c@part=\count79
\c@section=\count80
\c@subsection=\count81
\c@subsubsection=\count82
\c@paragraph=\count83
\c@subparagraph=\count84
\c@figure=\count85
\c@table=\count86
\abovecaptionskip=\skip41
\belowcaptionskip=\skip42
\bibindent=\dimen102
) (/usr/share/texmf/tex/latex/base/fontenc.sty
Package: fontenc 2000/08/30 v1.91 Standard LaTeX package
(/usr/share/texmf/tex/latex/base/t1enc.def
File: t1enc.def 2000/08/30 v1.91 Standard LaTeX file
LaTeX Font Info:    Redeclaring font encoding T1 on input line 38.
)) (/usr/share/texmf/tex/latex/base/inputenc.sty
Package: inputenc 2000/07/01 v0.996 Input encoding file 
(/usr/share/texmf/tex/latex/base/latin1.def
File: latin1.def 2000/07/01 v0.996 Input encoding file 
)) (/usr/share/texmf/tex/latex/misc/geometry.sty
Package: geometry 1999/10/07 v2.2 Page Geometry
(/usr/share/texmf/tex/latex/graphics/keyval.sty
Package: keyval 1999/03/16 v1.13 key=value parser (DPC)
\KV@toks@=\toks14
)
\geom@cnth=\count87
\geom@cntv=\count88
(/usr/share/texmf/tex/latex/config/geometry.cfg)) (/usr/share/texmf/tex/generic
/babel/babel.sty
Package: babel 2001/03/01 v3.7h The Babel package
(/usr/share/texmf/tex/generic/babel/english.ldf
Language: english 2001/02/07 v3.3k English support from the babel system
(/usr/share/texmf/tex/generic/babel/babel.def
File: babel.def 2001/03/01 v3.7h Babel common definitions
\babel@savecnt=\count89
\U@D=\dimen103
)
\l@canadian = a dialect from \language\l@english 
)) (/usr/share/texmf/tex/latex/graphics/graphics.sty
Package: graphics 1999/02/16 v1.0l Standard LaTeX Graphics (DPC,SPQR)
(/usr/share/texmf/tex/latex/graphics/trig.sty
Package: trig 1999/03/16 v1.09 sin cos tan (DPC)
) (/usr/share/texmf/tex/latex/config/graphics.cfg)
Package graphics Info: Driver file: dvips.def on input line 80.
(/usr/share/texmf/tex/latex/graphics/dvips.def
File: dvips.def 1999/02/16 v3.0i Driver-dependant file (DPC,SPQR)
))
No file brainstorm.aux.
\openout1 = `brainstorm.aux'.

LaTeX Font Info:    Checking defaults for OML/cmm/m/it on input line 21.
LaTeX Font Info:    ... okay on input line 21.
LaTeX Font Info:    Checking defaults for T1/cmr/m/n on input line 21.
LaTeX Font Info:    ... okay on input line 21.
LaTeX Font Info:    Checking defaults for OT1/cmr/m/n on input line 21.
LaTeX Font Info:    ... okay on input line 21.
LaTeX Font Info:    Checking defaults for OMS/cmsy/m/n on input line 21.
LaTeX Font Info:    ... okay on input line 21.
LaTeX Font Info:    Checking defaults for OMX/cmex/m/n on input line 21.
LaTeX Font Info:    ... okay on input line 21.
LaTeX Font Info:    Checking defaults for U/cmr/m/n on input line 21.
LaTeX Font Info:    ... okay on input line 21.
----------------------- Geometry parameters
mode: a4paper 
h-parts: 59.74988pt, 0.8\paperwidth , 59.74988pt (default)
v-parts: 42.25493pt, 0.9\paperheight , 42.25493pt (default)
----------------------- Page layout dimensions
\paperwidth  597.50787pt
\paperheight 845.04684pt
\textwidth  478.00812pt
\textheight 693.53699pt
\oddsidemargin  -12.52011pt
\evensidemargin -12.52011pt
\topmargin  -30.01506pt
\headheight 12.0pt
\headsep    25.0pt
\footskip   30.0pt
\hoffset 0.0pt
\voffset 0.0pt
\mag 1000
(1in=72.27pt, 1cm=28.45pt)
-----------------------
LaTeX Font Info:    External font `cmex10' loaded for size
(Font)              <12> on input line 28.
LaTeX Font Info:    External font `cmex10' loaded for size
(Font)              <8> on input line 28.
LaTeX Font Info:    External font `cmex10' loaded for size
(Font)              <6> on input line 28.
No file brainstorm.toc.
\tf@toc=\write3
\openout3 = `brainstorm.toc'.

File: BOSS_hi.eps Graphic file (type eps)
<BOSS_hi.eps> [1

]
LaTeX Font Info:    Try loading font information for OMS+cmr on input line 73.
(/usr/share/texmf/tex/latex/base/omscmr.fd
File: omscmr.fd 1999/05/25 v2.5h Standard LaTeX font definitions
)
LaTeX Font Info:    Font shape `OMS/cmr/m/n' in size <10> not available
(Font)              Font shape `OMS/cmsy/m/n' tried instead on input line 73.
File: ext_examp.eps Graphic file (type eps)
<ext_examp.eps> [2]
File: module_basic.eps Graphic file (type eps)
<module_basic.eps>
File: module_header.eps Graphic file (type eps)
<module_header.eps> [3] [4] (brainstorm.aux) ) 
Here is how much of TeX's memory you used:
 1223 strings out of 20887
 13712 string characters out of 196275
 62757 words of memory out of 350001
 4181 multiletter control sequences out of 10000+15000
 13930 words of font info for 33 fonts, out of 400000 for 1000
 14 hyphenation exceptions out of 10000
 25i,6n,19p,186b,278s stack positions out of 3000i,100n,1500p,50000b,4000s

Output written on brainstorm.dvi (4 pages, 6024 bytes).
